mode: atomic
github.com/kuadrant/kuadrantctl/pkg/utils/external_resource_reader.go:27.60,28.21 1 0
github.com/kuadrant/kuadrantctl/pkg/utils/external_resource_reader.go:28.21,30.3 1 0
github.com/kuadrant/kuadrantctl/pkg/utils/external_resource_reader.go:32.2,32.45 1 0
github.com/kuadrant/kuadrantctl/pkg/utils/external_resource_reader.go:32.45,34.3 1 0
github.com/kuadrant/kuadrantctl/pkg/utils/external_resource_reader.go:37.2,37.34 1 0
github.com/kuadrant/kuadrantctl/pkg/utils/http_utils.go:25.44,28.2 2 9
github.com/kuadrant/kuadrantctl/pkg/utils/http_utils.go:30.49,32.16 2 0
github.com/kuadrant/kuadrantctl/pkg/utils/http_utils.go:32.16,34.3 1 0
github.com/kuadrant/kuadrantctl/pkg/utils/http_utils.go:35.2,37.16 3 0
github.com/kuadrant/kuadrantctl/pkg/utils/http_utils.go:37.16,39.3 1 0
github.com/kuadrant/kuadrantctl/pkg/utils/http_utils.go:40.2,40.18 1 0
github.com/kuadrant/kuadrantctl/pkg/utils/k8s_utils.go:32.81,34.9 2 0
github.com/kuadrant/kuadrantctl/pkg/utils/k8s_utils.go:34.9,36.3 1 0
github.com/kuadrant/kuadrantctl/pkg/utils/k8s_utils.go:38.2,40.16 3 0
github.com/kuadrant/kuadrantctl/pkg/utils/k8s_utils.go:40.16,42.3 1 0
github.com/kuadrant/kuadrantctl/pkg/utils/k8s_utils.go:44.2,44.37 1 0
github.com/kuadrant/kuadrantctl/pkg/utils/k8s_utils.go:44.37,46.3 1 0
github.com/kuadrant/kuadrantctl/pkg/utils/k8s_utils.go:49.2,51.9 3 0
github.com/kuadrant/kuadrantctl/pkg/utils/k8s_utils.go:51.9,53.3 1 0
github.com/kuadrant/kuadrantctl/pkg/utils/k8s_utils.go:54.2,55.16 2 0
github.com/kuadrant/kuadrantctl/pkg/utils/k8s_utils.go:55.16,57.3 1 0
github.com/kuadrant/kuadrantctl/pkg/utils/k8s_utils.go:59.2,62.16 3 0
github.com/kuadrant/kuadrantctl/pkg/utils/k8s_utils.go:62.16,64.3 1 0
github.com/kuadrant/kuadrantctl/pkg/utils/k8s_utils.go:66.2,69.9 3 0
github.com/kuadrant/kuadrantctl/pkg/utils/k8s_utils.go:69.9,71.3 1 0
github.com/kuadrant/kuadrantctl/pkg/utils/k8s_utils.go:73.2,75.12 3 0
github.com/kuadrant/kuadrantctl/pkg/utils/k8s_utils.go:78.77,80.9 2 0
github.com/kuadrant/kuadrantctl/pkg/utils/k8s_utils.go:80.9,82.3 1 0
github.com/kuadrant/kuadrantctl/pkg/utils/k8s_utils.go:83.2,87.16 4 0
github.com/kuadrant/kuadrantctl/pkg/utils/k8s_utils.go:87.16,88.37 1 0
github.com/kuadrant/kuadrantctl/pkg/utils/k8s_utils.go:88.37,91.4 1 0
github.com/kuadrant/kuadrantctl/pkg/utils/k8s_utils.go:91.9,93.4 1 0
github.com/kuadrant/kuadrantctl/pkg/utils/k8s_utils.go:95.2,95.12 1 0
github.com/kuadrant/kuadrantctl/pkg/utils/k8s_utils.go:98.73,100.9 2 0
github.com/kuadrant/kuadrantctl/pkg/utils/k8s_utils.go:100.9,102.3 1 0
github.com/kuadrant/kuadrantctl/pkg/utils/k8s_utils.go:103.2,107.46 4 0
github.com/kuadrant/kuadrantctl/pkg/utils/k8s_utils.go:107.46,110.3 1 0
github.com/kuadrant/kuadrantctl/pkg/utils/k8s_utils.go:111.2,111.12 1 0
github.com/kuadrant/kuadrantctl/pkg/utils/k8s_utils.go:116.56,118.43 2 0
github.com/kuadrant/kuadrantctl/pkg/utils/k8s_utils.go:118.43,119.99 1 0
github.com/kuadrant/kuadrantctl/pkg/utils/k8s_utils.go:119.99,121.4 1 0
github.com/kuadrant/kuadrantctl/pkg/utils/k8s_utils.go:123.2,123.14 1 0
github.com/kuadrant/kuadrantctl/pkg/utils/k8s_utils.go:126.96,129.16 3 0
github.com/kuadrant/kuadrantctl/pkg/utils/k8s_utils.go:129.16,130.32 1 0
github.com/kuadrant/kuadrantctl/pkg/utils/k8s_utils.go:130.32,133.4 2 0
github.com/kuadrant/kuadrantctl/pkg/utils/k8s_utils.go:135.3,135.20 1 0
github.com/kuadrant/kuadrantctl/pkg/utils/k8s_utils.go:138.2,138.48 1 0
github.com/kuadrant/kuadrantctl/pkg/utils/k8s_utils.go:138.48,143.3 2 0
github.com/kuadrant/kuadrantctl/pkg/utils/k8s_utils.go:145.2,146.18 2 0
github.com/kuadrant/kuadrantctl/pkg/utils/oas3.go:17.63,26.25 5 0
github.com/kuadrant/kuadrantctl/pkg/utils/oas3.go:26.25,29.3 2 0
github.com/kuadrant/kuadrantctl/pkg/utils/oas3.go:30.2,30.21 1 0
github.com/kuadrant/kuadrantctl/pkg/utils/oas3.go:33.40,36.16 3 0
github.com/kuadrant/kuadrantctl/pkg/utils/oas3.go:36.16,38.3 1 0
github.com/kuadrant/kuadrantctl/pkg/utils/oas3.go:40.2,41.16 2 0
github.com/kuadrant/kuadrantctl/pkg/utils/oas3.go:41.16,43.3 1 0
github.com/kuadrant/kuadrantctl/pkg/utils/oas3.go:45.2,45.12 1 0
github.com/kuadrant/kuadrantctl/pkg/utils/oas3.go:48.120,49.31 1 0
github.com/kuadrant/kuadrantctl/pkg/utils/oas3.go:49.31,51.3 1 0
github.com/kuadrant/kuadrantctl/pkg/utils/oas3.go:52.2,52.27 1 0
github.com/kuadrant/kuadrantctl/pkg/utils/scheme.go:10.26,12.16 2 0
github.com/kuadrant/kuadrantctl/pkg/utils/scheme.go:12.16,14.3 1 0
github.com/kuadrant/kuadrantctl/pkg/utils/scheme.go:16.2,17.16 2 0
github.com/kuadrant/kuadrantctl/pkg/utils/scheme.go:17.16,19.3 1 0
github.com/kuadrant/kuadrantctl/pkg/utils/scheme.go:21.2,22.16 2 0
github.com/kuadrant/kuadrantctl/pkg/utils/scheme.go:22.16,24.3 1 0
github.com/kuadrant/kuadrantctl/pkg/utils/scheme.go:26.2,26.12 1 0
